1686514662189|5|statement|connection 2|url jdbc:h2:tcp://localhost/~/ourmemory|select u1_0.user_id,u1_0.created_date,u1_0.email,u1_0.modified_date,u1_0.name,u1_0.nick_name,u1_0.password,u1_0.role from user u1_0 where u1_0.email=?|select u1_0.user_id,u1_0.created_date,u1_0.email,u1_0.modified_date,u1_0.name,u1_0.nick_name,u1_0.password,u1_0.role from user u1_0 where u1_0.email='admin'
1686514662217|0|commit|connection 2|url jdbc:h2:tcp://localhost/~/ourmemory||
1686514693450|0|statement|connection 3|url jdbc:h2:tcp://localhost/~/ourmemory|select u1_0.user_id,u1_0.created_date,u1_0.email,u1_0.modified_date,u1_0.name,u1_0.nick_name,u1_0.password,u1_0.role from user u1_0 offset ? rows fetch first ? rows only|select u1_0.user_id,u1_0.created_date,u1_0.email,u1_0.modified_date,u1_0.name,u1_0.nick_name,u1_0.password,u1_0.role from user u1_0 offset 0 rows fetch first 5 rows only
1686514693459|0|commit|connection 3|url jdbc:h2:tcp://localhost/~/ourmemory||
1686514693472|0|statement|connection 3|url jdbc:h2:tcp://localhost/~/ourmemory|select count(u1_0.user_id) from user u1_0 fetch first ? rows only|select count(u1_0.user_id) from user u1_0 fetch first 1 rows only
1686514693472|0|commit|connection 3|url jdbc:h2:tcp://localhost/~/ourmemory||
1686514712530|0|statement|connection 6|url jdbc:h2:tcp://localhost/~/ourmemory|select u1_0.user_id,u1_0.created_date,u1_0.email,u1_0.modified_date,u1_0.name,u1_0.nick_name,u1_0.password,u1_0.role from user u1_0 where u1_0.email=?|select u1_0.user_id,u1_0.created_date,u1_0.email,u1_0.modified_date,u1_0.name,u1_0.nick_name,u1_0.password,u1_0.role from user u1_0 where u1_0.email='admin'
1686514712532|0|commit|connection 6|url jdbc:h2:tcp://localhost/~/ourmemory||
1686514716715|0|statement|connection 7|url jdbc:h2:tcp://localhost/~/ourmemory|select u1_0.user_id,u1_0.created_date,u1_0.email,u1_0.modified_date,u1_0.name,u1_0.nick_name,u1_0.password,u1_0.role from user u1_0 offset ? rows fetch first ? rows only|select u1_0.user_id,u1_0.created_date,u1_0.email,u1_0.modified_date,u1_0.name,u1_0.nick_name,u1_0.password,u1_0.role from user u1_0 offset 0 rows fetch first 5 rows only
1686514716715|0|commit|connection 7|url jdbc:h2:tcp://localhost/~/ourmemory||
1686514716717|0|statement|connection 7|url jdbc:h2:tcp://localhost/~/ourmemory|select count(u1_0.user_id) from user u1_0 fetch first ? rows only|select count(u1_0.user_id) from user u1_0 fetch first 1 rows only
1686514716717|0|commit|connection 7|url jdbc:h2:tcp://localhost/~/ourmemory||
1686514762564|5|statement|connection 2|url jdbc:h2:tcp://localhost/~/ourmemory|select u1_0.user_id,u1_0.created_date,u1_0.email,u1_0.modified_date,u1_0.name,u1_0.nick_name,u1_0.password,u1_0.role from user u1_0 where u1_0.email=?|select u1_0.user_id,u1_0.created_date,u1_0.email,u1_0.modified_date,u1_0.name,u1_0.nick_name,u1_0.password,u1_0.role from user u1_0 where u1_0.email='admin'
1686514762589|0|commit|connection 2|url jdbc:h2:tcp://localhost/~/ourmemory||
1686514768773|0|statement|connection 3|url jdbc:h2:tcp://localhost/~/ourmemory|select u1_0.user_id,u1_0.created_date,u1_0.email,u1_0.modified_date,u1_0.name,u1_0.nick_name,u1_0.password,u1_0.role from user u1_0 offset ? rows fetch first ? rows only|select u1_0.user_id,u1_0.created_date,u1_0.email,u1_0.modified_date,u1_0.name,u1_0.nick_name,u1_0.password,u1_0.role from user u1_0 offset 0 rows fetch first 5 rows only
1686514768774|0|commit|connection 3|url jdbc:h2:tcp://localhost/~/ourmemory||
1686514768787|0|statement|connection 3|url jdbc:h2:tcp://localhost/~/ourmemory|select count(u1_0.user_id) from user u1_0 fetch first ? rows only|select count(u1_0.user_id) from user u1_0 fetch first 1 rows only
1686514768788|0|commit|connection 3|url jdbc:h2:tcp://localhost/~/ourmemory||
1686514989822|0|statement|connection 4|url jdbc:h2:tcp://localhost/~/ourmemory|select u1_0.user_id,u1_0.created_date,u1_0.email,u1_0.modified_date,u1_0.name,u1_0.nick_name,u1_0.password,u1_0.role from user u1_0|select u1_0.user_id,u1_0.created_date,u1_0.email,u1_0.modified_date,u1_0.name,u1_0.nick_name,u1_0.password,u1_0.role from user u1_0
1686514989824|0|statement|connection 4|url jdbc:h2:tcp://localhost/~/ourmemory|select u1_0.user_id,u1_0.created_date,u1_0.email,u1_0.modified_date,u1_0.name,u1_0.nick_name,u1_0.password,u1_0.role from user u1_0|select u1_0.user_id,u1_0.created_date,u1_0.email,u1_0.modified_date,u1_0.name,u1_0.nick_name,u1_0.password,u1_0.role from user u1_0
1686514989859|0|statement|connection 4|url jdbc:h2:tcp://localhost/~/ourmemory|insert into user (user_id, created_date, email, modified_date, name, nick_name, password, role) values (default, ?, ?, ?, ?, ?, ?, ?)|insert into user (user_id, created_date, email, modified_date, name, nick_name, password, role) values (default, '2023-06-12 05:23', 'onlyplsson@gmail.com', '2023-06-12 05:23', '박정균', '테란킹', '$2a$10$7fwRka6fgKL.B9T1M8v0w.r2ggy0z2VTjtwOZMwphGaeDtdXjiava', 'USER')
1686514989863|0|commit|connection 4|url jdbc:h2:tcp://localhost/~/ourmemory||
1686514996520|0|statement|connection 5|url jdbc:h2:tcp://localhost/~/ourmemory|select u1_0.user_id,u1_0.created_date,u1_0.email,u1_0.modified_date,u1_0.name,u1_0.nick_name,u1_0.password,u1_0.role from user u1_0 where u1_0.email=?|select u1_0.user_id,u1_0.created_date,u1_0.email,u1_0.modified_date,u1_0.name,u1_0.nick_name,u1_0.password,u1_0.role from user u1_0 where u1_0.email='admin'
1686514996604|0|rollback|connection 5|url jdbc:h2:tcp://localhost/~/ourmemory||
1686515000762|0|statement|connection 6|url jdbc:h2:tcp://localhost/~/ourmemory|select u1_0.user_id,u1_0.created_date,u1_0.email,u1_0.modified_date,u1_0.name,u1_0.nick_name,u1_0.password,u1_0.role from user u1_0 where u1_0.email=?|select u1_0.user_id,u1_0.created_date,u1_0.email,u1_0.modified_date,u1_0.name,u1_0.nick_name,u1_0.password,u1_0.role from user u1_0 where u1_0.email='admin'
1686515000835|0|statement|connection 6|url jdbc:h2:tcp://localhost/~/ourmemory|select u1_0.user_id,u1_0.created_date,u1_0.email,u1_0.modified_date,u1_0.name,u1_0.nick_name,u1_0.password,u1_0.role from user u1_0 where u1_0.email=?|select u1_0.user_id,u1_0.created_date,u1_0.email,u1_0.modified_date,u1_0.name,u1_0.nick_name,u1_0.password,u1_0.role from user u1_0 where u1_0.email='admin'
1686515000844|0|commit|connection 6|url jdbc:h2:tcp://localhost/~/ourmemory||
1686515002185|0|statement|connection 7|url jdbc:h2:tcp://localhost/~/ourmemory|select u1_0.user_id,u1_0.created_date,u1_0.email,u1_0.modified_date,u1_0.name,u1_0.nick_name,u1_0.password,u1_0.role from user u1_0 offset ? rows fetch first ? rows only|select u1_0.user_id,u1_0.created_date,u1_0.email,u1_0.modified_date,u1_0.name,u1_0.nick_name,u1_0.password,u1_0.role from user u1_0 offset 0 rows fetch first 5 rows only
1686515002186|0|commit|connection 7|url jdbc:h2:tcp://localhost/~/ourmemory||
1686515002188|0|statement|connection 7|url jdbc:h2:tcp://localhost/~/ourmemory|select count(u1_0.user_id) from user u1_0 fetch first ? rows only|select count(u1_0.user_id) from user u1_0 fetch first 1 rows only
1686515002188|0|commit|connection 7|url jdbc:h2:tcp://localhost/~/ourmemory||
1686515163653|0|statement|connection 8|url jdbc:h2:tcp://localhost/~/ourmemory|select u1_0.user_id,u1_0.created_date,u1_0.email,u1_0.modified_date,u1_0.name,u1_0.nick_name,u1_0.password,u1_0.role from user u1_0 where u1_0.email=?|select u1_0.user_id,u1_0.created_date,u1_0.email,u1_0.modified_date,u1_0.name,u1_0.nick_name,u1_0.password,u1_0.role from user u1_0 where u1_0.email='onlyplsson@gmail.com'
1686515163727|0|statement|connection 8|url jdbc:h2:tcp://localhost/~/ourmemory|select u1_0.user_id,u1_0.created_date,u1_0.email,u1_0.modified_date,u1_0.name,u1_0.nick_name,u1_0.password,u1_0.role from user u1_0 where u1_0.email=?|select u1_0.user_id,u1_0.created_date,u1_0.email,u1_0.modified_date,u1_0.name,u1_0.nick_name,u1_0.password,u1_0.role from user u1_0 where u1_0.email='onlyplsson@gmail.com'
1686515163728|0|commit|connection 8|url jdbc:h2:tcp://localhost/~/ourmemory||
1686516086295|0|statement|connection 9|url jdbc:h2:tcp://localhost/~/ourmemory|select u1_0.user_id,u1_0.created_date,u1_0.email,u1_0.modified_date,u1_0.name,u1_0.nick_name,u1_0.password,u1_0.role from user u1_0 where u1_0.user_id=?|select u1_0.user_id,u1_0.created_date,u1_0.email,u1_0.modified_date,u1_0.name,u1_0.nick_name,u1_0.password,u1_0.role from user u1_0 where u1_0.user_id=38
1686516086296|0|commit|connection 9|url jdbc:h2:tcp://localhost/~/ourmemory||
1686516213807|0|statement|connection 10|url jdbc:h2:tcp://localhost/~/ourmemory|select u1_0.user_id,u1_0.created_date,u1_0.email,u1_0.modified_date,u1_0.name,u1_0.nick_name,u1_0.password,u1_0.role from user u1_0 where u1_0.user_id=?|select u1_0.user_id,u1_0.created_date,u1_0.email,u1_0.modified_date,u1_0.name,u1_0.nick_name,u1_0.password,u1_0.role from user u1_0 where u1_0.user_id=38
1686516213808|0|commit|connection 10|url jdbc:h2:tcp://localhost/~/ourmemory||
1686516325592|0|statement|connection 11|url jdbc:h2:tcp://localhost/~/ourmemory|select u1_0.user_id,u1_0.created_date,u1_0.email,u1_0.modified_date,u1_0.name,u1_0.nick_name,u1_0.password,u1_0.role from user u1_0 where u1_0.user_id=?|select u1_0.user_id,u1_0.created_date,u1_0.email,u1_0.modified_date,u1_0.name,u1_0.nick_name,u1_0.password,u1_0.role from user u1_0 where u1_0.user_id=38
1686516325593|0|commit|connection 11|url jdbc:h2:tcp://localhost/~/ourmemory||
1686516672471|0|statement|connection 12|url jdbc:h2:tcp://localhost/~/ourmemory|select u1_0.user_id,u1_0.created_date,u1_0.email,u1_0.modified_date,u1_0.name,u1_0.nick_name,u1_0.password,u1_0.role from user u1_0 where u1_0.user_id=?|select u1_0.user_id,u1_0.created_date,u1_0.email,u1_0.modified_date,u1_0.name,u1_0.nick_name,u1_0.password,u1_0.role from user u1_0 where u1_0.user_id=38
1686516672473|0|commit|connection 12|url jdbc:h2:tcp://localhost/~/ourmemory||
1686518594762|0|statement|connection 15|url jdbc:h2:tcp://localhost/~/ourmemory|select u1_0.user_id,u1_0.created_date,u1_0.email,u1_0.modified_date,u1_0.name,u1_0.nick_name,u1_0.password,u1_0.role from user u1_0 where u1_0.email=?|select u1_0.user_id,u1_0.created_date,u1_0.email,u1_0.modified_date,u1_0.name,u1_0.nick_name,u1_0.password,u1_0.role from user u1_0 where u1_0.email='admin'
1686518594764|0|commit|connection 15|url jdbc:h2:tcp://localhost/~/ourmemory||
1686518597059|0|statement|connection 18|url jdbc:h2:tcp://localhost/~/ourmemory|select u1_0.user_id,u1_0.created_date,u1_0.email,u1_0.modified_date,u1_0.name,u1_0.nick_name,u1_0.password,u1_0.role from user u1_0 where u1_0.email=?|select u1_0.user_id,u1_0.created_date,u1_0.email,u1_0.modified_date,u1_0.name,u1_0.nick_name,u1_0.password,u1_0.role from user u1_0 where u1_0.email='admin'
1686518597061|0|commit|connection 18|url jdbc:h2:tcp://localhost/~/ourmemory||
1686518610669|0|statement|connection 19|url jdbc:h2:tcp://localhost/~/ourmemory|select u1_0.user_id,u1_0.created_date,u1_0.email,u1_0.modified_date,u1_0.name,u1_0.nick_name,u1_0.password,u1_0.role from user u1_0 where u1_0.user_id=?|select u1_0.user_id,u1_0.created_date,u1_0.email,u1_0.modified_date,u1_0.name,u1_0.nick_name,u1_0.password,u1_0.role from user u1_0 where u1_0.user_id=38
1686518610670|0|commit|connection 19|url jdbc:h2:tcp://localhost/~/ourmemory||
1686518610928|0|statement|connection 20|url jdbc:h2:tcp://localhost/~/ourmemory|select u1_0.user_id,u1_0.created_date,u1_0.email,u1_0.modified_date,u1_0.name,u1_0.nick_name,u1_0.password,u1_0.role from user u1_0 where u1_0.user_id=?|select u1_0.user_id,u1_0.created_date,u1_0.email,u1_0.modified_date,u1_0.name,u1_0.nick_name,u1_0.password,u1_0.role from user u1_0 where u1_0.user_id=38
1686518610928|0|commit|connection 20|url jdbc:h2:tcp://localhost/~/ourmemory||
1686518610977|0|statement|connection 21|url jdbc:h2:tcp://localhost/~/ourmemory|select u1_0.user_id,u1_0.created_date,u1_0.email,u1_0.modified_date,u1_0.name,u1_0.nick_name,u1_0.password,u1_0.role from user u1_0 where u1_0.user_id=?|select u1_0.user_id,u1_0.created_date,u1_0.email,u1_0.modified_date,u1_0.name,u1_0.nick_name,u1_0.password,u1_0.role from user u1_0 where u1_0.user_id=38
1686518610977|0|commit|connection 21|url jdbc:h2:tcp://localhost/~/ourmemory||
1686521125907|0|statement|connection 22|url jdbc:h2:tcp://localhost/~/ourmemory|select u1_0.user_id,u1_0.created_date,u1_0.email,u1_0.modified_date,u1_0.name,u1_0.nick_name,u1_0.password,u1_0.role from user u1_0 where u1_0.email=?|select u1_0.user_id,u1_0.created_date,u1_0.email,u1_0.modified_date,u1_0.name,u1_0.nick_name,u1_0.password,u1_0.role from user u1_0 where u1_0.email='onlyplsson@gmail.com'
1686521125983|0|statement|connection 22|url jdbc:h2:tcp://localhost/~/ourmemory|select u1_0.user_id,u1_0.created_date,u1_0.email,u1_0.modified_date,u1_0.name,u1_0.nick_name,u1_0.password,u1_0.role from user u1_0 where u1_0.email=?|select u1_0.user_id,u1_0.created_date,u1_0.email,u1_0.modified_date,u1_0.name,u1_0.nick_name,u1_0.password,u1_0.role from user u1_0 where u1_0.email='onlyplsson@gmail.com'
1686521125986|0|commit|connection 22|url jdbc:h2:tcp://localhost/~/ourmemory||
1686521126326|0|statement|connection 23|url jdbc:h2:tcp://localhost/~/ourmemory|select u1_0.user_id,u1_0.created_date,u1_0.email,u1_0.modified_date,u1_0.name,u1_0.nick_name,u1_0.password,u1_0.role from user u1_0 where u1_0.user_id=?|select u1_0.user_id,u1_0.created_date,u1_0.email,u1_0.modified_date,u1_0.name,u1_0.nick_name,u1_0.password,u1_0.role from user u1_0 where u1_0.user_id=38
1686521126327|0|commit|connection 23|url jdbc:h2:tcp://localhost/~/ourmemory||
1686521836593|0|statement|connection 24|url jdbc:h2:tcp://localhost/~/ourmemory|select u1_0.user_id,u1_0.created_date,u1_0.email,u1_0.modified_date,u1_0.name,u1_0.nick_name,u1_0.password,u1_0.role from user u1_0 where u1_0.user_id=?|select u1_0.user_id,u1_0.created_date,u1_0.email,u1_0.modified_date,u1_0.name,u1_0.nick_name,u1_0.password,u1_0.role from user u1_0 where u1_0.user_id=38
1686521836593|0|commit|connection 24|url jdbc:h2:tcp://localhost/~/ourmemory||
1686521837430|0|statement|connection 25|url jdbc:h2:tcp://localhost/~/ourmemory|select u1_0.user_id,u1_0.created_date,u1_0.email,u1_0.modified_date,u1_0.name,u1_0.nick_name,u1_0.password,u1_0.role from user u1_0 where u1_0.user_id=?|select u1_0.user_id,u1_0.created_date,u1_0.email,u1_0.modified_date,u1_0.name,u1_0.nick_name,u1_0.password,u1_0.role from user u1_0 where u1_0.user_id=38
1686521837430|0|commit|connection 25|url jdbc:h2:tcp://localhost/~/ourmemory||
1686521838849|0|statement|connection 26|url jdbc:h2:tcp://localhost/~/ourmemory|select u1_0.user_id,u1_0.created_date,u1_0.email,u1_0.modified_date,u1_0.name,u1_0.nick_name,u1_0.password,u1_0.role from user u1_0 where u1_0.user_id=?|select u1_0.user_id,u1_0.created_date,u1_0.email,u1_0.modified_date,u1_0.name,u1_0.nick_name,u1_0.password,u1_0.role from user u1_0 where u1_0.user_id=38
1686521838849|0|commit|connection 26|url jdbc:h2:tcp://localhost/~/ourmemory||
1686522651303|0|statement|connection 27|url jdbc:h2:tcp://localhost/~/ourmemory|select u1_0.user_id,u1_0.created_date,u1_0.email,u1_0.modified_date,u1_0.name,u1_0.nick_name,u1_0.password,u1_0.role from user u1_0 where u1_0.user_id=?|select u1_0.user_id,u1_0.created_date,u1_0.email,u1_0.modified_date,u1_0.name,u1_0.nick_name,u1_0.password,u1_0.role from user u1_0 where u1_0.user_id=38
1686522651305|0|commit|connection 27|url jdbc:h2:tcp://localhost/~/ourmemory||
1686522651511|0|statement|connection 28|url jdbc:h2:tcp://localhost/~/ourmemory|select u1_0.user_id,u1_0.created_date,u1_0.email,u1_0.modified_date,u1_0.name,u1_0.nick_name,u1_0.password,u1_0.role from user u1_0 where u1_0.user_id=?|select u1_0.user_id,u1_0.created_date,u1_0.email,u1_0.modified_date,u1_0.name,u1_0.nick_name,u1_0.password,u1_0.role from user u1_0 where u1_0.user_id=38
1686522651512|0|commit|connection 28|url jdbc:h2:tcp://localhost/~/ourmemory||
1686522651529|0|statement|connection 29|url jdbc:h2:tcp://localhost/~/ourmemory|select u1_0.user_id,u1_0.created_date,u1_0.email,u1_0.modified_date,u1_0.name,u1_0.nick_name,u1_0.password,u1_0.role from user u1_0 where u1_0.user_id=?|select u1_0.user_id,u1_0.created_date,u1_0.email,u1_0.modified_date,u1_0.name,u1_0.nick_name,u1_0.password,u1_0.role from user u1_0 where u1_0.user_id=38
1686522651529|0|commit|connection 29|url jdbc:h2:tcp://localhost/~/ourmemory||
1686524298322|0|statement|connection 30|url jdbc:h2:tcp://localhost/~/ourmemory|select u1_0.user_id,u1_0.created_date,u1_0.email,u1_0.modified_date,u1_0.name,u1_0.nick_name,u1_0.password,u1_0.role from user u1_0 where u1_0.email=?|select u1_0.user_id,u1_0.created_date,u1_0.email,u1_0.modified_date,u1_0.name,u1_0.nick_name,u1_0.password,u1_0.role from user u1_0 where u1_0.email='qwe'
1686524298324|0|rollback|connection 30|url jdbc:h2:tcp://localhost/~/ourmemory||
1686524311339|0|statement|connection 31|url jdbc:h2:tcp://localhost/~/ourmemory|select u1_0.user_id,u1_0.created_date,u1_0.email,u1_0.modified_date,u1_0.name,u1_0.nick_name,u1_0.password,u1_0.role from user u1_0 where u1_0.email=?|select u1_0.user_id,u1_0.created_date,u1_0.email,u1_0.modified_date,u1_0.name,u1_0.nick_name,u1_0.password,u1_0.role from user u1_0 where u1_0.email='admin'
1686524311413|0|statement|connection 31|url jdbc:h2:tcp://localhost/~/ourmemory|select u1_0.user_id,u1_0.created_date,u1_0.email,u1_0.modified_date,u1_0.name,u1_0.nick_name,u1_0.password,u1_0.role from user u1_0 where u1_0.email=?|select u1_0.user_id,u1_0.created_date,u1_0.email,u1_0.modified_date,u1_0.name,u1_0.nick_name,u1_0.password,u1_0.role from user u1_0 where u1_0.email='admin'
1686524311415|0|commit|connection 31|url jdbc:h2:tcp://localhost/~/ourmemory||
